{"E:\\Projects\\Swiggy Clone Project using React\\src\\Utils\\appStore.js": {"path":"E:\\Projects\\Swiggy Clone Project using React\\src\\Utils\\appStore.js","statementMap":{"0":{"start":{"line":3,"column":17},"end":{"line":7,"column":2}}},"fnMap":{},"branchMap":{},"s":{"0":1},"f":{},"b":{},"_coverageSchema":"1a1c01bbd47fc00a2c39e90264f33305004495a9","hash":"00b25d332b92fe44fbdbf8a89e44210acd46f234"}
,"E:\\Projects\\Swiggy Clone Project using React\\src\\components\\Header.js": {"path":"E:\\Projects\\Swiggy Clone Project using React\\src\\components\\Header.js","statementMap":{"0":{"start":{"line":10,"column":15},"end":{"line":61,"column":1}},"1":{"start":{"line":12,"column":30},"end":{"line":12,"column":44}},"2":{"start":{"line":14,"column":22},"end":{"line":14,"column":62}},"3":{"start":{"line":14,"column":45},"end":{"line":14,"column":61}},"4":{"start":{"line":17,"column":24},"end":{"line":19,"column":5}},"5":{"start":{"line":18,"column":8},"end":{"line":18,"column":24}},"6":{"start":{"line":20,"column":4},"end":{"line":60,"column":5}},"7":{"start":{"line":30,"column":62},"end":{"line":30,"column":93}},"8":{"start":{"line":36,"column":62},"end":{"line":36,"column":93}},"9":{"start":{"line":42,"column":62},"end":{"line":42,"column":93}},"10":{"start":{"line":48,"column":62},"end":{"line":48,"column":93}}},"fnMap":{"0":{"name":"(anonymous_0)","decl":{"start":{"line":10,"column":15},"end":{"line":10,"column":16}},"loc":{"start":{"line":10,"column":21},"end":{"line":61,"column":1}},"line":10},"1":{"name":"(anonymous_1)","decl":{"start":{"line":14,"column":34},"end":{"line":14,"column":35}},"loc":{"start":{"line":14,"column":45},"end":{"line":14,"column":61}},"line":14},"2":{"name":"(anonymous_2)","decl":{"start":{"line":17,"column":24},"end":{"line":17,"column":25}},"loc":{"start":{"line":17,"column":30},"end":{"line":19,"column":5}},"line":17},"3":{"name":"(anonymous_3)","decl":{"start":{"line":30,"column":44},"end":{"line":30,"column":45}},"loc":{"start":{"line":30,"column":62},"end":{"line":30,"column":93}},"line":30},"4":{"name":"(anonymous_4)","decl":{"start":{"line":36,"column":44},"end":{"line":36,"column":45}},"loc":{"start":{"line":36,"column":62},"end":{"line":36,"column":93}},"line":36},"5":{"name":"(anonymous_5)","decl":{"start":{"line":42,"column":44},"end":{"line":42,"column":45}},"loc":{"start":{"line":42,"column":62},"end":{"line":42,"column":93}},"line":42},"6":{"name":"(anonymous_6)","decl":{"start":{"line":48,"column":44},"end":{"line":48,"column":45}},"loc":{"start":{"line":48,"column":62},"end":{"line":48,"column":93}},"line":48}},"branchMap":{"0":{"loc":{"start":{"line":30,"column":65},"end":{"line":30,"column":91}},"type":"cond-expr","locations":[{"start":{"line":30,"column":76},"end":{"line":30,"column":84}},{"start":{"line":30,"column":87},"end":{"line":30,"column":91}}],"line":30},"1":{"loc":{"start":{"line":36,"column":65},"end":{"line":36,"column":91}},"type":"cond-expr","locations":[{"start":{"line":36,"column":76},"end":{"line":36,"column":84}},{"start":{"line":36,"column":87},"end":{"line":36,"column":91}}],"line":36},"2":{"loc":{"start":{"line":42,"column":65},"end":{"line":42,"column":91}},"type":"cond-expr","locations":[{"start":{"line":42,"column":76},"end":{"line":42,"column":84}},{"start":{"line":42,"column":87},"end":{"line":42,"column":91}}],"line":42},"3":{"loc":{"start":{"line":48,"column":65},"end":{"line":48,"column":91}},"type":"cond-expr","locations":[{"start":{"line":48,"column":76},"end":{"line":48,"column":84}},{"start":{"line":48,"column":87},"end":{"line":48,"column":91}}],"line":48},"4":{"loc":{"start":{"line":56,"column":64},"end":{"line":56,"column":94}},"type":"cond-expr","locations":[{"start":{"line":56,"column":72},"end":{"line":56,"column":82}},{"start":{"line":56,"column":85},"end":{"line":56,"column":94}}],"line":56},"5":{"loc":{"start":{"line":56,"column":99},"end":{"line":56,"column":128}},"type":"cond-expr","locations":[{"start":{"line":56,"column":107},"end":{"line":56,"column":115}},{"start":{"line":56,"column":118},"end":{"line":56,"column":128}}],"line":56}},"s":{"0":1,"1":3,"2":3,"3":4,"4":3,"5":2,"6":3,"7":3,"8":3,"9":3,"10":3},"f":{"0":3,"1":4,"2":2,"3":3,"4":3,"5":3,"6":3},"b":{"0":[0,3],"1":[0,3],"2":[0,3],"3":[0,3],"4":[2,1],"5":[2,1]},"_coverageSchema":"1a1c01bbd47fc00a2c39e90264f33305004495a9","hash":"38d6645879d260e29ab01ef2347b6234b827efc7"}
}
