{"E:\\Projects\\Swiggy Clone Project using React\\src\\Utils\\appStore.js": {"path":"E:\\Projects\\Swiggy Clone Project using React\\src\\Utils\\appStore.js","statementMap":{"0":{"start":{"line":3,"column":17},"end":{"line":7,"column":2}}},"fnMap":{},"branchMap":{},"s":{"0":1},"f":{},"b":{},"_coverageSchema":"1a1c01bbd47fc00a2c39e90264f33305004495a9","hash":"00b25d332b92fe44fbdbf8a89e44210acd46f234"}
,"E:\\Projects\\Swiggy Clone Project using React\\src\\Utils\\constant.js": {"path":"E:\\Projects\\Swiggy Clone Project using React\\src\\Utils\\constant.js","statementMap":{"0":{"start":{"line":4,"column":23},"end":{"line":4,"column":106}},"1":{"start":{"line":7,"column":28},"end":{"line":7,"column":166}},"2":{"start":{"line":10,"column":32},"end":{"line":10,"column":155}},"3":{"start":{"line":14,"column":30},"end":{"line":14,"column":125}},"4":{"start":{"line":17,"column":27},"end":{"line":17,"column":116}}},"fnMap":{},"branchMap":{},"s":{"0":3,"1":3,"2":3,"3":3,"4":3},"f":{},"b":{},"_coverageSchema":"1a1c01bbd47fc00a2c39e90264f33305004495a9","hash":"39d4bfe27417216dff629b2cdb41512716cec146"}
,"E:\\Projects\\Swiggy Clone Project using React\\src\\Utils\\useBody.js": {"path":"E:\\Projects\\Swiggy Clone Project using React\\src\\Utils\\useBody.js","statementMap":{"0":{"start":{"line":4,"column":16},"end":{"line":86,"column":1}},"1":{"start":{"line":6,"column":38},"end":{"line":6,"column":50}},"2":{"start":{"line":7,"column":42},"end":{"line":7,"column":54}},"3":{"start":{"line":8,"column":34},"end":{"line":8,"column":48}},"4":{"start":{"line":11,"column":36},"end":{"line":11,"column":50}},"5":{"start":{"line":14,"column":42},"end":{"line":14,"column":57}},"6":{"start":{"line":15,"column":36},"end":{"line":15,"column":51}},"7":{"start":{"line":18,"column":40},"end":{"line":18,"column":52}},"8":{"start":{"line":21,"column":30},"end":{"line":26,"column":5}},"9":{"start":{"line":22,"column":8},"end":{"line":22,"column":26}},"10":{"start":{"line":23,"column":29},"end":{"line":23,"column":118}},"11":{"start":{"line":23,"column":53},"end":{"line":23,"column":117}},"12":{"start":{"line":24,"column":8},"end":{"line":24,"column":21}},"13":{"start":{"line":25,"column":8},"end":{"line":25,"column":36}},"14":{"start":{"line":29,"column":24},"end":{"line":34,"column":5}},"15":{"start":{"line":30,"column":8},"end":{"line":30,"column":24}},"16":{"start":{"line":31,"column":8},"end":{"line":33,"column":16}},"17":{"start":{"line":32,"column":12},"end":{"line":32,"column":29}},"18":{"start":{"line":36,"column":24},"end":{"line":38,"column":5}},"19":{"start":{"line":37,"column":8},"end":{"line":37,"column":37}},"20":{"start":{"line":41,"column":30},"end":{"line":52,"column":5}},"21":{"start":{"line":42,"column":8},"end":{"line":42,"column":21}},"22":{"start":{"line":43,"column":8},"end":{"line":43,"column":36}},"23":{"start":{"line":45,"column":28},"end":{"line":45,"column":79}},"24":{"start":{"line":45,"column":52},"end":{"line":45,"column":78}},"25":{"start":{"line":46,"column":8},"end":{"line":50,"column":9}},"26":{"start":{"line":47,"column":12},"end":{"line":47,"column":39}},"27":{"start":{"line":49,"column":12},"end":{"line":49,"column":37}},"28":{"start":{"line":55,"column":27},"end":{"line":66,"column":5}},"29":{"start":{"line":56,"column":8},"end":{"line":56,"column":21}},"30":{"start":{"line":57,"column":8},"end":{"line":57,"column":30}},"31":{"start":{"line":59,"column":35},"end":{"line":59,"column":100}},"32":{"start":{"line":59,"column":59},"end":{"line":59,"column":99}},"33":{"start":{"line":60,"column":8},"end":{"line":64,"column":9}},"34":{"start":{"line":61,"column":12},"end":{"line":61,"column":46}},"35":{"start":{"line":63,"column":12},"end":{"line":63,"column":37}},"36":{"start":{"line":68,"column":4},"end":{"line":71,"column":10}},"37":{"start":{"line":69,"column":8},"end":{"line":69,"column":21}},"38":{"start":{"line":70,"column":8},"end":{"line":70,"column":28}},"39":{"start":{"line":74,"column":8},"end":{"line":82,"column":9}},"40":{"start":{"line":75,"column":25},"end":{"line":75,"column":50}},"41":{"start":{"line":76,"column":25},"end":{"line":76,"column":42}},"42":{"start":{"line":77,"column":12},"end":{"line":77,"column":29}},"43":{"start":{"line":78,"column":12},"end":{"line":78,"column":100}},"44":{"start":{"line":79,"column":12},"end":{"line":79,"column":102}},"45":{"start":{"line":81,"column":12},"end":{"line":81,"column":31}},"46":{"start":{"line":85,"column":4},"end":{"line":85,"column":147}}},"fnMap":{"0":{"name":"(anonymous_0)","decl":{"start":{"line":4,"column":16},"end":{"line":4,"column":17}},"loc":{"start":{"line":4,"column":22},"end":{"line":86,"column":1}},"line":4},"1":{"name":"(anonymous_1)","decl":{"start":{"line":21,"column":30},"end":{"line":21,"column":31}},"loc":{"start":{"line":21,"column":37},"end":{"line":26,"column":5}},"line":21},"2":{"name":"(anonymous_2)","decl":{"start":{"line":23,"column":46},"end":{"line":23,"column":47}},"loc":{"start":{"line":23,"column":53},"end":{"line":23,"column":117}},"line":23},"3":{"name":"(anonymous_3)","decl":{"start":{"line":29,"column":24},"end":{"line":29,"column":25}},"loc":{"start":{"line":29,"column":29},"end":{"line":34,"column":5}},"line":29},"4":{"name":"(anonymous_4)","decl":{"start":{"line":31,"column":19},"end":{"line":31,"column":20}},"loc":{"start":{"line":31,"column":25},"end":{"line":33,"column":9}},"line":31},"5":{"name":"(anonymous_5)","decl":{"start":{"line":36,"column":24},"end":{"line":36,"column":25}},"loc":{"start":{"line":36,"column":31},"end":{"line":38,"column":5}},"line":36},"6":{"name":"(anonymous_6)","decl":{"start":{"line":41,"column":30},"end":{"line":41,"column":31}},"loc":{"start":{"line":41,"column":36},"end":{"line":52,"column":5}},"line":41},"7":{"name":"(anonymous_7)","decl":{"start":{"line":45,"column":45},"end":{"line":45,"column":46}},"loc":{"start":{"line":45,"column":52},"end":{"line":45,"column":78}},"line":45},"8":{"name":"(anonymous_8)","decl":{"start":{"line":55,"column":27},"end":{"line":55,"column":28}},"loc":{"start":{"line":55,"column":33},"end":{"line":66,"column":5}},"line":55},"9":{"name":"(anonymous_9)","decl":{"start":{"line":59,"column":52},"end":{"line":59,"column":53}},"loc":{"start":{"line":59,"column":59},"end":{"line":59,"column":99}},"line":59},"10":{"name":"(anonymous_10)","decl":{"start":{"line":68,"column":14},"end":{"line":68,"column":15}},"loc":{"start":{"line":68,"column":20},"end":{"line":71,"column":5}},"line":68},"11":{"name":"fetchedData","decl":{"start":{"line":73,"column":19},"end":{"line":73,"column":30}},"loc":{"start":{"line":73,"column":33},"end":{"line":84,"column":5}},"line":73}},"branchMap":{"0":{"loc":{"start":{"line":46,"column":8},"end":{"line":50,"column":9}},"type":"if","locations":[{"start":{"line":46,"column":8},"end":{"line":50,"column":9}},{"start":{"line":48,"column":15},"end":{"line":50,"column":9}}],"line":46},"1":{"loc":{"start":{"line":60,"column":8},"end":{"line":64,"column":9}},"type":"if","locations":[{"start":{"line":60,"column":8},"end":{"line":64,"column":9}},{"start":{"line":62,"column":15},"end":{"line":64,"column":9}}],"line":60}},"s":{"0":2,"1":4,"2":4,"3":4,"4":4,"5":4,"6":4,"7":4,"8":4,"9":0,"10":0,"11":0,"12":0,"13":0,"14":4,"15":0,"16":0,"17":0,"18":4,"19":0,"20":4,"21":0,"22":0,"23":0,"24":0,"25":0,"26":0,"27":0,"28":4,"29":0,"30":0,"31":0,"32":0,"33":0,"34":0,"35":0,"36":4,"37":2,"38":2,"39":2,"40":2,"41":2,"42":2,"43":2,"44":2,"45":0,"46":4},"f":{"0":4,"1":0,"2":0,"3":0,"4":0,"5":0,"6":0,"7":0,"8":0,"9":0,"10":2,"11":2},"b":{"0":[0,0],"1":[0,0]},"_coverageSchema":"1a1c01bbd47fc00a2c39e90264f33305004495a9","hash":"2438f633dca621433281d5a21aa77468319aa899"}
,"E:\\Projects\\Swiggy Clone Project using React\\src\\Utils\\slices\\cartSlice.js": {"path":"E:\\Projects\\Swiggy Clone Project using React\\src\\Utils\\slices\\cartSlice.js","statementMap":{"0":{"start":{"line":3,"column":18},"end":{"line":35,"column":2}},"1":{"start":{"line":11,"column":12},"end":{"line":11,"column":44}},"2":{"start":{"line":14,"column":12},"end":{"line":14,"column":90}},"3":{"start":{"line":14,"column":52},"end":{"line":14,"column":88}},"4":{"start":{"line":17,"column":12},"end":{"line":17,"column":35}},"5":{"start":{"line":18,"column":12},"end":{"line":18,"column":33}},"6":{"start":{"line":21,"column":52},"end":{"line":21,"column":66}},"7":{"start":{"line":22,"column":44},"end":{"line":22,"column":74}},"8":{"start":{"line":23,"column":12},"end":{"line":23,"column":38}},"9":{"start":{"line":23,"column":29},"end":{"line":23,"column":37}},"10":{"start":{"line":24,"column":12},"end":{"line":24,"column":72}},"11":{"start":{"line":24,"column":35},"end":{"line":24,"column":71}},"12":{"start":{"line":25,"column":12},"end":{"line":25,"column":55}},"13":{"start":{"line":28,"column":52},"end":{"line":28,"column":66}},"14":{"start":{"line":29,"column":44},"end":{"line":29,"column":74}},"15":{"start":{"line":30,"column":12},"end":{"line":30,"column":38}},"16":{"start":{"line":30,"column":29},"end":{"line":30,"column":37}},"17":{"start":{"line":31,"column":12},"end":{"line":31,"column":72}},"18":{"start":{"line":31,"column":35},"end":{"line":31,"column":71}},"19":{"start":{"line":32,"column":12},"end":{"line":32,"column":55}},"20":{"start":{"line":37,"column":86},"end":{"line":37,"column":103}}},"fnMap":{"0":{"name":"(anonymous_0)","decl":{"start":{"line":10,"column":17},"end":{"line":10,"column":18}},"loc":{"start":{"line":10,"column":36},"end":{"line":12,"column":9}},"line":10},"1":{"name":"(anonymous_1)","decl":{"start":{"line":13,"column":20},"end":{"line":13,"column":21}},"loc":{"start":{"line":13,"column":39},"end":{"line":15,"column":9}},"line":13},"2":{"name":"(anonymous_2)","decl":{"start":{"line":14,"column":45},"end":{"line":14,"column":46}},"loc":{"start":{"line":14,"column":52},"end":{"line":14,"column":88}},"line":14},"3":{"name":"(anonymous_3)","decl":{"start":{"line":16,"column":19},"end":{"line":16,"column":20}},"loc":{"start":{"line":16,"column":30},"end":{"line":19,"column":9}},"line":16},"4":{"name":"(anonymous_4)","decl":{"start":{"line":20,"column":26},"end":{"line":20,"column":27}},"loc":{"start":{"line":20,"column":45},"end":{"line":26,"column":9}},"line":20},"5":{"name":"(anonymous_5)","decl":{"start":{"line":23,"column":19},"end":{"line":23,"column":20}},"loc":{"start":{"line":23,"column":29},"end":{"line":23,"column":37}},"line":23},"6":{"name":"(anonymous_6)","decl":{"start":{"line":24,"column":25},"end":{"line":24,"column":26}},"loc":{"start":{"line":24,"column":35},"end":{"line":24,"column":71}},"line":24},"7":{"name":"(anonymous_7)","decl":{"start":{"line":27,"column":26},"end":{"line":27,"column":27}},"loc":{"start":{"line":27,"column":45},"end":{"line":33,"column":9}},"line":27},"8":{"name":"(anonymous_8)","decl":{"start":{"line":30,"column":19},"end":{"line":30,"column":20}},"loc":{"start":{"line":30,"column":29},"end":{"line":30,"column":37}},"line":30},"9":{"name":"(anonymous_9)","decl":{"start":{"line":31,"column":25},"end":{"line":31,"column":26}},"loc":{"start":{"line":31,"column":35},"end":{"line":31,"column":71}},"line":31}},"branchMap":{"0":{"loc":{"start":{"line":24,"column":43},"end":{"line":24,"column":64}},"type":"binary-expr","locations":[{"start":{"line":24,"column":43},"end":{"line":24,"column":48}},{"start":{"line":24,"column":52},"end":{"line":24,"column":64}}],"line":24},"1":{"loc":{"start":{"line":31,"column":43},"end":{"line":31,"column":64}},"type":"binary-expr","locations":[{"start":{"line":31,"column":43},"end":{"line":31,"column":48}},{"start":{"line":31,"column":52},"end":{"line":31,"column":64}}],"line":31}},"s":{"0":1,"1":0,"2":0,"3":0,"4":0,"5":0,"6":0,"7":0,"8":0,"9":0,"10":0,"11":0,"12":0,"13":0,"14":0,"15":0,"16":0,"17":0,"18":0,"19":0,"20":1},"f":{"0":0,"1":0,"2":0,"3":0,"4":0,"5":0,"6":0,"7":0,"8":0,"9":0},"b":{"0":[0,0],"1":[0,0]},"_coverageSchema":"1a1c01bbd47fc00a2c39e90264f33305004495a9","hash":"02feda1a30f61a33680a5b8a2aa7279bf19d3c24"}
,"E:\\Projects\\Swiggy Clone Project using React\\src\\components\\Body.js": {"path":"E:\\Projects\\Swiggy Clone Project using React\\src\\components\\Body.js","statementMap":{"0":{"start":{"line":10,"column":13},"end":{"line":61,"column":1}},"1":{"start":{"line":12,"column":148},"end":{"line":12,"column":157}},"2":{"start":{"line":15,"column":40},"end":{"line":15,"column":75}},"3":{"start":{"line":18,"column":4},"end":{"line":60,"column":5}},"4":{"start":{"line":50,"column":28},"end":{"line":55,"column":40}}},"fnMap":{"0":{"name":"(anonymous_0)","decl":{"start":{"line":10,"column":13},"end":{"line":10,"column":14}},"loc":{"start":{"line":10,"column":19},"end":{"line":61,"column":1}},"line":10},"1":{"name":"(anonymous_1)","decl":{"start":{"line":49,"column":42},"end":{"line":49,"column":43}},"loc":{"start":{"line":49,"column":52},"end":{"line":56,"column":25}},"line":49}},"branchMap":{"0":{"loc":{"start":{"line":18,"column":11},"end":{"line":60,"column":5}},"type":"cond-expr","locations":[{"start":{"line":18,"column":36},"end":{"line":18,"column":47}},{"start":{"line":19,"column":8},"end":{"line":59,"column":14}}],"line":18},"1":{"loc":{"start":{"line":46,"column":17},"end":{"line":56,"column":27}},"type":"cond-expr","locations":[{"start":{"line":46,"column":27},"end":{"line":46,"column":37}},{"start":{"line":47,"column":20},"end":{"line":56,"column":26}}],"line":46},"2":{"loc":{"start":{"line":47,"column":20},"end":{"line":56,"column":26}},"type":"cond-expr","locations":[{"start":{"line":48,"column":26},"end":{"line":48,"column":53}},{"start":{"line":49,"column":26},"end":{"line":56,"column":26}}],"line":47},"3":{"loc":{"start":{"line":53,"column":40},"end":{"line":53,"column":145}},"type":"cond-expr","locations":[{"start":{"line":53,"column":63},"end":{"line":53,"column":109}},{"start":{"line":53,"column":112},"end":{"line":53,"column":145}}],"line":53}},"s":{"0":2,"1":4,"2":4,"3":4,"4":18},"f":{"0":4,"1":18},"b":{"0":[2,2],"1":[0,2],"2":[0,2],"3":[0,18]},"_coverageSchema":"1a1c01bbd47fc00a2c39e90264f33305004495a9","hash":"c3e3578850dff32c2f661f72c5312aad1a04de5a"}
,"E:\\Projects\\Swiggy Clone Project using React\\src\\components\\Cuisines.js": {"path":"E:\\Projects\\Swiggy Clone Project using React\\src\\components\\Cuisines.js","statementMap":{"0":{"start":{"line":5,"column":17},"end":{"line":52,"column":1}},"1":{"start":{"line":7,"column":4},"end":{"line":9,"column":6}},"2":{"start":{"line":8,"column":8},"end":{"line":8,"column":62}},"3":{"start":{"line":11,"column":28},"end":{"line":15,"column":5}},"4":{"start":{"line":12,"column":8},"end":{"line":14,"column":9}},"5":{"start":{"line":13,"column":12},"end":{"line":13,"column":41}},"6":{"start":{"line":16,"column":29},"end":{"line":20,"column":5}},"7":{"start":{"line":17,"column":8},"end":{"line":19,"column":9}},"8":{"start":{"line":18,"column":12},"end":{"line":18,"column":40}},"9":{"start":{"line":22,"column":39},"end":{"line":22,"column":75}},"10":{"start":{"line":25,"column":4},"end":{"line":51,"column":5}},"11":{"start":{"line":41,"column":24},"end":{"line":46,"column":25}}},"fnMap":{"0":{"name":"(anonymous_0)","decl":{"start":{"line":5,"column":17},"end":{"line":5,"column":18}},"loc":{"start":{"line":5,"column":35},"end":{"line":52,"column":1}},"line":5},"1":{"name":"(anonymous_1)","decl":{"start":{"line":7,"column":14},"end":{"line":7,"column":15}},"loc":{"start":{"line":7,"column":20},"end":{"line":9,"column":5}},"line":7},"2":{"name":"(anonymous_2)","decl":{"start":{"line":11,"column":28},"end":{"line":11,"column":29}},"loc":{"start":{"line":11,"column":34},"end":{"line":15,"column":5}},"line":11},"3":{"name":"(anonymous_3)","decl":{"start":{"line":16,"column":29},"end":{"line":16,"column":30}},"loc":{"start":{"line":16,"column":35},"end":{"line":20,"column":5}},"line":16},"4":{"name":"(anonymous_4)","decl":{"start":{"line":40,"column":45},"end":{"line":40,"column":46}},"loc":{"start":{"line":40,"column":54},"end":{"line":47,"column":21}},"line":40}},"branchMap":{"0":{"loc":{"start":{"line":12,"column":8},"end":{"line":14,"column":9}},"type":"if","locations":[{"start":{"line":12,"column":8},"end":{"line":14,"column":9}},{"start":{},"end":{}}],"line":12},"1":{"loc":{"start":{"line":17,"column":8},"end":{"line":19,"column":9}},"type":"if","locations":[{"start":{"line":17,"column":8},"end":{"line":19,"column":9}},{"start":{},"end":{}}],"line":17},"2":{"loc":{"start":{"line":43,"column":48},"end":{"line":43,"column":122}},"type":"cond-expr","locations":[{"start":{"line":43,"column":79},"end":{"line":43,"column":106}},{"start":{"line":43,"column":109},"end":{"line":43,"column":122}}],"line":43}},"s":{"0":3,"1":4,"2":4,"3":4,"4":0,"5":0,"6":4,"7":0,"8":0,"9":4,"10":4,"11":80},"f":{"0":4,"1":4,"2":0,"3":0,"4":80},"b":{"0":[0,0],"1":[0,0],"2":[56,24]},"_coverageSchema":"1a1c01bbd47fc00a2c39e90264f33305004495a9","hash":"c4219812a53603de4ab059af4d8c2debe0613ff7"}
,"E:\\Projects\\Swiggy Clone Project using React\\src\\components\\Filter.js": {"path":"E:\\Projects\\Swiggy Clone Project using React\\src\\components\\Filter.js","statementMap":{"0":{"start":{"line":3,"column":15},"end":{"line":12,"column":1}},"1":{"start":{"line":6,"column":4},"end":{"line":11,"column":5}}},"fnMap":{"0":{"name":"(anonymous_0)","decl":{"start":{"line":3,"column":15},"end":{"line":3,"column":16}},"loc":{"start":{"line":3,"column":71},"end":{"line":12,"column":1}},"line":3}},"branchMap":{},"s":{"0":2,"1":4},"f":{"0":4},"b":{},"_coverageSchema":"1a1c01bbd47fc00a2c39e90264f33305004495a9","hash":"87056e768e46e0068f3259c161d7d08ca95a5a9d"}
,"E:\\Projects\\Swiggy Clone Project using React\\src\\components\\Header.js": {"path":"E:\\Projects\\Swiggy Clone Project using React\\src\\components\\Header.js","statementMap":{"0":{"start":{"line":10,"column":15},"end":{"line":61,"column":1}},"1":{"start":{"line":12,"column":30},"end":{"line":12,"column":44}},"2":{"start":{"line":14,"column":22},"end":{"line":14,"column":62}},"3":{"start":{"line":14,"column":45},"end":{"line":14,"column":61}},"4":{"start":{"line":17,"column":24},"end":{"line":19,"column":5}},"5":{"start":{"line":18,"column":8},"end":{"line":18,"column":24}},"6":{"start":{"line":20,"column":4},"end":{"line":60,"column":5}},"7":{"start":{"line":30,"column":62},"end":{"line":30,"column":93}},"8":{"start":{"line":36,"column":62},"end":{"line":36,"column":93}},"9":{"start":{"line":42,"column":62},"end":{"line":42,"column":93}},"10":{"start":{"line":48,"column":62},"end":{"line":48,"column":93}}},"fnMap":{"0":{"name":"(anonymous_0)","decl":{"start":{"line":10,"column":15},"end":{"line":10,"column":16}},"loc":{"start":{"line":10,"column":21},"end":{"line":61,"column":1}},"line":10},"1":{"name":"(anonymous_1)","decl":{"start":{"line":14,"column":34},"end":{"line":14,"column":35}},"loc":{"start":{"line":14,"column":45},"end":{"line":14,"column":61}},"line":14},"2":{"name":"(anonymous_2)","decl":{"start":{"line":17,"column":24},"end":{"line":17,"column":25}},"loc":{"start":{"line":17,"column":30},"end":{"line":19,"column":5}},"line":17},"3":{"name":"(anonymous_3)","decl":{"start":{"line":30,"column":44},"end":{"line":30,"column":45}},"loc":{"start":{"line":30,"column":62},"end":{"line":30,"column":93}},"line":30},"4":{"name":"(anonymous_4)","decl":{"start":{"line":36,"column":44},"end":{"line":36,"column":45}},"loc":{"start":{"line":36,"column":62},"end":{"line":36,"column":93}},"line":36},"5":{"name":"(anonymous_5)","decl":{"start":{"line":42,"column":44},"end":{"line":42,"column":45}},"loc":{"start":{"line":42,"column":62},"end":{"line":42,"column":93}},"line":42},"6":{"name":"(anonymous_6)","decl":{"start":{"line":48,"column":44},"end":{"line":48,"column":45}},"loc":{"start":{"line":48,"column":62},"end":{"line":48,"column":93}},"line":48}},"branchMap":{"0":{"loc":{"start":{"line":30,"column":65},"end":{"line":30,"column":91}},"type":"cond-expr","locations":[{"start":{"line":30,"column":76},"end":{"line":30,"column":84}},{"start":{"line":30,"column":87},"end":{"line":30,"column":91}}],"line":30},"1":{"loc":{"start":{"line":36,"column":65},"end":{"line":36,"column":91}},"type":"cond-expr","locations":[{"start":{"line":36,"column":76},"end":{"line":36,"column":84}},{"start":{"line":36,"column":87},"end":{"line":36,"column":91}}],"line":36},"2":{"loc":{"start":{"line":42,"column":65},"end":{"line":42,"column":91}},"type":"cond-expr","locations":[{"start":{"line":42,"column":76},"end":{"line":42,"column":84}},{"start":{"line":42,"column":87},"end":{"line":42,"column":91}}],"line":42},"3":{"loc":{"start":{"line":48,"column":65},"end":{"line":48,"column":91}},"type":"cond-expr","locations":[{"start":{"line":48,"column":76},"end":{"line":48,"column":84}},{"start":{"line":48,"column":87},"end":{"line":48,"column":91}}],"line":48},"4":{"loc":{"start":{"line":56,"column":64},"end":{"line":56,"column":94}},"type":"cond-expr","locations":[{"start":{"line":56,"column":72},"end":{"line":56,"column":82}},{"start":{"line":56,"column":85},"end":{"line":56,"column":94}}],"line":56},"5":{"loc":{"start":{"line":56,"column":99},"end":{"line":56,"column":128}},"type":"cond-expr","locations":[{"start":{"line":56,"column":107},"end":{"line":56,"column":115}},{"start":{"line":56,"column":118},"end":{"line":56,"column":128}}],"line":56}},"s":{"0":1,"1":3,"2":3,"3":4,"4":3,"5":2,"6":3,"7":3,"8":3,"9":3,"10":3},"f":{"0":3,"1":4,"2":2,"3":3,"4":3,"5":3,"6":3},"b":{"0":[0,3],"1":[0,3],"2":[0,3],"3":[0,3],"4":[2,1],"5":[2,1]},"_coverageSchema":"1a1c01bbd47fc00a2c39e90264f33305004495a9","hash":"38d6645879d260e29ab01ef2347b6234b827efc7"}
,"E:\\Projects\\Swiggy Clone Project using React\\src\\components\\RestaurantCard.js": {"path":"E:\\Projects\\Swiggy Clone Project using React\\src\\components\\RestaurantCard.js","statementMap":{"0":{"start":{"line":4,"column":23},"end":{"line":27,"column":1}},"1":{"start":{"line":6,"column":24},"end":{"line":6,"column":29}},"2":{"start":{"line":7,"column":86},"end":{"line":7,"column":99}},"3":{"start":{"line":9,"column":4},"end":{"line":26,"column":5}},"4":{"start":{"line":30,"column":35},"end":{"line":39,"column":1}},"5":{"start":{"line":31,"column":4},"end":{"line":38,"column":5}},"6":{"start":{"line":32,"column":8},"end":{"line":37,"column":9}}},"fnMap":{"0":{"name":"(anonymous_0)","decl":{"start":{"line":4,"column":23},"end":{"line":4,"column":24}},"loc":{"start":{"line":4,"column":34},"end":{"line":27,"column":1}},"line":4},"1":{"name":"(anonymous_1)","decl":{"start":{"line":30,"column":35},"end":{"line":30,"column":36}},"loc":{"start":{"line":30,"column":54},"end":{"line":39,"column":1}},"line":30},"2":{"name":"(anonymous_2)","decl":{"start":{"line":31,"column":11},"end":{"line":31,"column":12}},"loc":{"start":{"line":31,"column":20},"end":{"line":38,"column":5}},"line":31}},"branchMap":{},"s":{"0":2,"1":18,"2":18,"3":18,"4":2,"5":4,"6":0},"f":{"0":18,"1":4,"2":0},"b":{},"_coverageSchema":"1a1c01bbd47fc00a2c39e90264f33305004495a9","hash":"0930452f5c84e6fcca2d8a7a6551912779b25010"}
,"E:\\Projects\\Swiggy Clone Project using React\\src\\components\\Shimmer.js": {"path":"E:\\Projects\\Swiggy Clone Project using React\\src\\components\\Shimmer.js","statementMap":{"0":{"start":{"line":3,"column":16},"end":{"line":22,"column":1}},"1":{"start":{"line":4,"column":4},"end":{"line":21,"column":5}}},"fnMap":{"0":{"name":"(anonymous_0)","decl":{"start":{"line":3,"column":16},"end":{"line":3,"column":17}},"loc":{"start":{"line":3,"column":22},"end":{"line":22,"column":1}},"line":3}},"branchMap":{},"s":{"0":2,"1":2},"f":{"0":2},"b":{},"_coverageSchema":"1a1c01bbd47fc00a2c39e90264f33305004495a9","hash":"5c47955077103b27afce773e19ce4cf4429af01f"}
,"E:\\Projects\\Swiggy Clone Project using React\\src\\components\\ShimmerCard.js": {"path":"E:\\Projects\\Swiggy Clone Project using React\\src\\components\\ShimmerCard.js","statementMap":{"0":{"start":{"line":3,"column":20},"end":{"line":16,"column":1}},"1":{"start":{"line":4,"column":4},"end":{"line":15,"column":5}}},"fnMap":{"0":{"name":"(anonymous_0)","decl":{"start":{"line":3,"column":20},"end":{"line":3,"column":21}},"loc":{"start":{"line":3,"column":26},"end":{"line":16,"column":1}},"line":3}},"branchMap":{},"s":{"0":2,"1":24},"f":{"0":24},"b":{},"_coverageSchema":"1a1c01bbd47fc00a2c39e90264f33305004495a9","hash":"ea9883b2a8a56ec865ec054350b338a57b667020"}
}
