TN:
SF:src\Utils\appStore.js
FNF:0
FNH:0
DA:3,1
LF:1
LH:1
BRF:0
BRH:0
end_of_record
TN:
SF:src\Utils\constant.js
FNF:0
FNH:0
DA:4,2
DA:7,2
DA:10,2
DA:14,2
DA:17,2
LF:5
LH:5
BRF:0
BRH:0
end_of_record
TN:
SF:src\Utils\useBody.js
FN:4,(anonymous_0)
FN:21,(anonymous_1)
FN:23,(anonymous_2)
FN:29,(anonymous_3)
FN:31,(anonymous_4)
FN:36,(anonymous_5)
FN:41,(anonymous_6)
FN:45,(anonymous_7)
FN:55,(anonymous_8)
FN:59,(anonymous_9)
FN:68,(anonymous_10)
FN:73,fetchedData
FNF:12
FNH:3
FNDA:6,(anonymous_0)
FNDA:0,(anonymous_1)
FNDA:0,(anonymous_2)
FNDA:0,(anonymous_3)
FNDA:0,(anonymous_4)
FNDA:0,(anonymous_5)
FNDA:0,(anonymous_6)
FNDA:0,(anonymous_7)
FNDA:0,(anonymous_8)
FNDA:0,(anonymous_9)
FNDA:1,(anonymous_10)
FNDA:1,fetchedData
DA:4,1
DA:6,6
DA:7,5
DA:8,5
DA:11,5
DA:14,5
DA:15,5
DA:18,5
DA:21,5
DA:22,0
DA:23,0
DA:24,0
DA:25,0
DA:29,5
DA:30,0
DA:31,0
DA:32,0
DA:36,5
DA:37,0
DA:41,5
DA:42,0
DA:43,0
DA:45,0
DA:46,0
DA:47,0
DA:49,0
DA:55,5
DA:56,0
DA:57,0
DA:59,0
DA:60,0
DA:61,0
DA:63,0
DA:68,5
DA:69,1
DA:70,1
DA:74,1
DA:75,1
DA:76,1
DA:77,1
DA:78,1
DA:79,1
DA:81,0
DA:85,5
LF:44
LH:23
BRDA:46,0,0,0
BRDA:46,0,1,0
BRDA:60,1,0,0
BRDA:60,1,1,0
BRF:4
BRH:0
end_of_record
TN:
SF:src\Utils\slices\cartSlice.js
FN:10,(anonymous_0)
FN:13,(anonymous_1)
FN:14,(anonymous_2)
FN:16,(anonymous_3)
FN:20,(anonymous_4)
FN:23,(anonymous_5)
FN:24,(anonymous_6)
FN:27,(anonymous_7)
FN:30,(anonymous_8)
FN:31,(anonymous_9)
FNF:10
FNH:0
FNDA:0,(anonymous_0)
FNDA:0,(anonymous_1)
FNDA:0,(anonymous_2)
FNDA:0,(anonymous_3)
FNDA:0,(anonymous_4)
FNDA:0,(anonymous_5)
FNDA:0,(anonymous_6)
FNDA:0,(anonymous_7)
FNDA:0,(anonymous_8)
FNDA:0,(anonymous_9)
DA:3,1
DA:11,0
DA:14,0
DA:17,0
DA:18,0
DA:21,0
DA:22,0
DA:23,0
DA:24,0
DA:25,0
DA:28,0
DA:29,0
DA:30,0
DA:31,0
DA:32,0
DA:37,1
LF:16
LH:2
BRDA:24,0,0,0
BRDA:24,0,1,0
BRDA:31,1,0,0
BRDA:31,1,1,0
BRF:4
BRH:0
end_of_record
TN:
SF:src\components\Body.js
FN:10,(anonymous_0)
FN:49,(anonymous_1)
FNF:2
FNH:1
FNDA:6,(anonymous_0)
FNDA:0,(anonymous_1)
DA:10,1
DA:12,6
DA:15,5
DA:18,5
DA:50,0
LF:5
LH:4
BRDA:18,0,0,1
BRDA:18,0,1,0
BRDA:46,1,0,0
BRDA:46,1,1,0
BRDA:47,2,0,0
BRDA:47,2,1,0
BRDA:53,3,0,0
BRDA:53,3,1,0
BRF:8
BRH:1
end_of_record
TN:
SF:src\components\Cuisines.js
FN:5,(anonymous_0)
FN:7,(anonymous_1)
FN:11,(anonymous_2)
FN:16,(anonymous_3)
FN:40,(anonymous_4)
FNF:5
FNH:3
FNDA:2,(anonymous_0)
FNDA:2,(anonymous_1)
FNDA:0,(anonymous_2)
FNDA:0,(anonymous_3)
FNDA:40,(anonymous_4)
DA:5,2
DA:7,2
DA:8,2
DA:11,2
DA:12,0
DA:13,0
DA:16,2
DA:17,0
DA:18,0
DA:22,2
DA:25,2
DA:41,40
LF:12
LH:8
BRDA:12,0,0,0
BRDA:12,0,1,0
BRDA:17,1,0,0
BRDA:17,1,1,0
BRDA:43,2,0,28
BRDA:43,2,1,12
BRF:6
BRH:2
end_of_record
TN:
SF:src\components\Filter.js
FN:3,(anonymous_0)
FNF:1
FNH:0
FNDA:0,(anonymous_0)
DA:3,1
DA:6,0
LF:2
LH:1
BRF:0
BRH:0
end_of_record
TN:
SF:src\components\Header.js
FN:10,(anonymous_0)
FN:14,(anonymous_1)
FN:17,(anonymous_2)
FN:30,(anonymous_3)
FN:36,(anonymous_4)
FN:42,(anonymous_5)
FN:48,(anonymous_6)
FNF:7
FNH:7
FNDA:3,(anonymous_0)
FNDA:4,(anonymous_1)
FNDA:2,(anonymous_2)
FNDA:3,(anonymous_3)
FNDA:3,(anonymous_4)
FNDA:3,(anonymous_5)
FNDA:3,(anonymous_6)
DA:10,1
DA:12,3
DA:14,4
DA:17,3
DA:18,2
DA:20,3
DA:30,3
DA:36,3
DA:42,3
DA:48,3
LF:10
LH:10
BRDA:30,0,0,0
BRDA:30,0,1,3
BRDA:36,1,0,0
BRDA:36,1,1,3
BRDA:42,2,0,0
BRDA:42,2,1,3
BRDA:48,3,0,0
BRDA:48,3,1,3
BRDA:56,4,0,2
BRDA:56,4,1,1
BRDA:56,5,0,2
BRDA:56,5,1,1
BRF:12
BRH:8
end_of_record
TN:
SF:src\components\RestaurantCard.js
FN:4,(anonymous_0)
FN:30,(anonymous_1)
FN:31,(anonymous_2)
FNF:3
FNH:1
FNDA:0,(anonymous_0)
FNDA:5,(anonymous_1)
FNDA:0,(anonymous_2)
DA:4,1
DA:6,0
DA:7,0
DA:9,0
DA:30,1
DA:31,5
DA:32,0
LF:7
LH:3
BRF:0
BRH:0
end_of_record
TN:
SF:src\components\Shimmer.js
FN:3,(anonymous_0)
FNF:1
FNH:1
FNDA:1,(anonymous_0)
DA:3,1
DA:4,1
LF:2
LH:2
BRF:0
BRH:0
end_of_record
TN:
SF:src\components\ShimmerCard.js
FN:3,(anonymous_0)
FNF:1
FNH:1
FNDA:12,(anonymous_0)
DA:3,1
DA:4,12
LF:2
LH:2
BRF:0
BRH:0
end_of_record
