TN:
SF:src\Utils\appStore.js
FNF:0
FNH:0
DA:3,1
LF:1
LH:1
BRF:0
BRH:0
end_of_record
TN:
SF:src\components\Header.js
FN:10,(anonymous_0)
FN:14,(anonymous_1)
FN:17,(anonymous_2)
FN:30,(anonymous_3)
FN:36,(anonymous_4)
FN:42,(anonymous_5)
FN:48,(anonymous_6)
FNF:7
FNH:7
FNDA:3,(anonymous_0)
FNDA:4,(anonymous_1)
FNDA:2,(anonymous_2)
FNDA:3,(anonymous_3)
FNDA:3,(anonymous_4)
FNDA:3,(anonymous_5)
FNDA:3,(anonymous_6)
DA:10,1
DA:12,3
DA:14,4
DA:17,3
DA:18,2
DA:20,3
DA:30,3
DA:36,3
DA:42,3
DA:48,3
LF:10
LH:10
BRDA:30,0,0,0
BRDA:30,0,1,3
BRDA:36,1,0,0
BRDA:36,1,1,3
BRDA:42,2,0,0
BRDA:42,2,1,3
BRDA:48,3,0,0
BRDA:48,3,1,3
BRDA:56,4,0,2
BRDA:56,4,1,1
BRDA:56,5,0,2
BRDA:56,5,1,1
BRF:12
BRH:8
end_of_record
